[2025-11-16 15:35:32] [ERROR] This is an ERROR (shown)
[2025-11-16 15:35:32] [WARNING] This is a WARNING (hidden)
[2025-11-16 15:35:32] [SUCCESS] This is a SUCCESS (hidden)
[2025-11-16 15:35:33] [INFO] This is an INFO (hidden)
[2025-11-16 15:35:33] [DEBUG] This is a DEBUG (hidden)
[2025-11-16 15:35:33] [ERROR] This is an ERROR (shown)
[2025-11-16 15:35:33] [WARNING] This is a WARNING (shown)
[2025-11-16 15:35:33] [SUCCESS] This is a SUCCESS (shown)
[2025-11-16 15:35:33] [INFO] This is an INFO (hidden)
[2025-11-16 15:35:33] [DEBUG] This is a DEBUG (hidden)
[2025-11-16 15:35:33] [ERROR] This is an ERROR (shown)
[2025-11-16 15:35:33] [WARNING] This is a WARNING (shown)
[2025-11-16 15:35:33] [SUCCESS] This is a SUCCESS (shown)
[2025-11-16 15:35:33] [INFO] This is an INFO (shown)
[2025-11-16 15:35:33] [DEBUG] This is a DEBUG (hidden)
[2025-11-16 15:35:33] [ERROR] This is an ERROR (shown)
[2025-11-16 15:35:33] [WARNING] This is a WARNING (shown)
[2025-11-16 15:35:33] [SUCCESS] This is a SUCCESS (shown)
[2025-11-16 15:35:33] [INFO] This is an INFO (shown)
[2025-11-16 15:35:33] [DEBUG] This is a DEBUG (shown)
